<?xml version="1.0" encoding="UTF-8"?>
<!-- Generated by org.testng.reporters.JUnitReportReporter -->
<testsuite skipped="0" hostname="BDC8-DX-43RRX52" name="com.webdriver.Testing" tests="2" failures="0" timestamp="18 Jul 2018 05:37:23 GMT" time="46.962" errors="0">
  <testcase name="testlogin" time="21.514" classname="com.webdriver.Testing"/>
  <testcase name="testlogin" time="25.448" classname="com.webdriver.Testing"/>
</testsuite> <!-- com.webdriver.Testing -->
